#
# There is insufficient memory for the Java Runtime Environment to continue.
# Native memory allocation (mmap) failed to map 268435456 bytes for G1 virtual space
# Possible reasons:
#   The system is out of physical RAM or swap space
#   The process is running with CompressedOops enabled, and the Java Heap may be blocking the growth of the native heap
# Possible solutions:
#   Reduce memory load on the system
#   Increase physical memory or swap space
#   Check if swap backing store is full
#   Decrease Java heap size (-Xmx/-Xms)
#   Decrease number of Java threads
#   Decrease Java thread stack sizes (-Xss)
#   Set larger code cache with -XX:ReservedCodeCacheSize=
#   JVM is running with Zero Based Compressed Oops mode in which the Java heap is
#     placed in the first 32GB address space. The Java Heap base address is the
#     maximum limit for the native heap growth. Please use -XX:HeapBaseMinAddress
#     to set the Java Heap base and to place the Java Heap above 32GB virtual address.
# This output file may be truncated or incomplete.
#
#  Out of Memory Error (os_windows.cpp:3613), pid=13304, tid=23168
#
# JRE version:  (17.0.9+9) (build )
# Java VM: OpenJDK 64-Bit Server VM (17.0.9+9, mixed mode, sharing, tiered, compressed oops, compressed class ptrs, g1 gc, windows-amd64)
# No core dump will be written. Minidumps are not enabled by default on client versions of Windows
#

---------------  S U M M A R Y ------------

Command Line: 

Host: AMD Ryzen 5 3600 6-Core Processor              , 12 cores, 15G,  Windows 10 , 64 bit Build 19041 (10.0.19041.3636)
Time: Tue Nov 26 15:09:05 2024 China Standard Time elapsed time: 0.009059 seconds (0d 0h 0m 0s)

---------------  T H R E A D  ---------------

Current thread (0x000002438c5e5950):  JavaThread "Unknown thread" [_thread_in_vm, id=23168, stack(0x000000485e300000,0x000000485e400000)]

Stack: [0x000000485e300000,0x000000485e400000]
Native frames: (J=compiled Java code, j=interpreted, Vv=VM code, C=native code)
V  [jvm.dll+0x67cf49]
V  [jvm.dll+0x83478a]
V  [jvm.dll+0x83624e]
V  [jvm.dll+0x8368b3]
V  [jvm.dll+0x247f1f]
V  [jvm.dll+0x679d69]
V  [jvm.dll+0x66e6ba]
V  [jvm.dll+0x307e5b]
V  [jvm.dll+0x30f306]
V  [jvm.dll+0x35f0ce]
V  [jvm.dll+0x35f2ff]
V  [jvm.dll+0x2dea58]
V  [jvm.dll+0x2df9c4]
V  [jvm.dll+0x806031]
V  [jvm.dll+0x36cf31]
V  [jvm.dll+0x7e4aac]
V  [jvm.dll+0x3f07af]
V  [jvm.dll+0x3f23e1]
C  [jli.dll+0x528f]
C  [ucrtbase.dll+0x21bb2]
C  [KERNEL32.DLL+0x17344]
C  [ntdll.dll+0x526b1]


---------------  P R O C E S S  ---------------

Threads class SMR info:
_java_thread_list=0x00007ffeb7a8ee98, length=0, elements={
}

Java Threads: ( => current thread )

Other Threads:
  0x000002438c6528c0 GCTaskThread "GC Thread#0" [stack: 0x000000485e400000,0x000000485e500000] [id=8144]
  0x000002438c6635b0 ConcurrentGCThread "G1 Main Marker" [stack: 0x000000485e500000,0x000000485e600000] [id=28052]
  0x000002438c664680 ConcurrentGCThread "G1 Conc#0" [stack: 0x000000485e600000,0x000000485e700000] [id=3276]

[error occurred during error reporting (printing all threads), id 0xc0000005, EXCEPTION_ACCESS_VIOLATION (0xc0000005) at pc=0x00007ffeb724f497]

VM state: not at safepoint (not fully initialized)

VM Mutex/Monitor currently owned by a thread:  ([mutex/lock_event])
[0x000002438c5e1340] Heap_lock - owner thread: 0x000002438c5e5950

Heap address: 0x0000000701600000, size: 4074 MB, Compressed Oops mode: Zero based, Oop shift amount: 3

CDS archive(s) mapped at: [0x0000000000000000-0x0000000000000000-0x0000000000000000), size 0, SharedBaseAddress: 0x0000000800000000, ArchiveRelocationMode: 1.
Narrow klass base: 0x0000000000000000, Narrow klass shift: 0, Narrow klass range: 0x0

GC Precious Log:
<Empty>

Heap:
 garbage-first heap   total 0K, used 0K [0x0000000701600000, 0x0000000800000000)
  region size 2048K, 0 young (0K), 0 survivors (0K)

[error occurred during error reporting (printing heap information), id 0xc0000005, EXCEPTION_ACCESS_VIOLATION (0xc0000005) at pc=0x00007ffeb7636c79]

GC Heap History (0 events):
No events

Dll operation events (1 events):
Event: 0.004 Loaded shared library D:\Unity Hub\6000.0.10f1\Editor\Data\PlaybackEngines\AndroidPlayer\OpenJDK\bin\java.dll

Deoptimization events (0 events):
No events

Classes unloaded (0 events):
No events

Classes redefined (0 events):
No events

Internal exceptions (0 events):
No events

VM Operations (0 events):
No events

Events (0 events):
No events


Dynamic libraries:
0x00007ff7caf50000 - 0x00007ff7caf5e000 	D:\Unity Hub\6000.0.10f1\Editor\Data\PlaybackEngines\AndroidPlayer\OpenJDK\bin\java.exe
0x00007fffcfad0000 - 0x00007fffcfcc8000 	C:\WINDOWS\SYSTEM32\ntdll.dll
0x00007fffce0d0000 - 0x00007fffce18d000 	C:\WINDOWS\System32\KERNEL32.DLL
0x00007fffcd180000 - 0x00007fffcd476000 	C:\WINDOWS\System32\KERNELBASE.dll
0x00007fffcd6a0000 - 0x00007fffcd7a0000 	C:\WINDOWS\System32\ucrtbase.dll
0x00007fffb2140000 - 0x00007fffb2157000 	D:\Unity Hub\6000.0.10f1\Editor\Data\PlaybackEngines\AndroidPlayer\OpenJDK\bin\jli.dll
0x00007fff404f0000 - 0x00007fff4050b000 	D:\Unity Hub\6000.0.10f1\Editor\Data\PlaybackEngines\AndroidPlayer\OpenJDK\bin\VCRUNTIME140.dll
0x00007fffcf4c0000 - 0x00007fffcf65f000 	C:\WINDOWS\System32\USER32.dll
0x00007fffcd480000 - 0x00007fffcd4a2000 	C:\WINDOWS\System32\win32u.dll
0x00007fffb5840000 - 0x00007fffb5ada000 	C:\WINDOWS\WinSxS\amd64_microsoft.windows.common-controls_6595b64144ccf1df_6.0.19041.4355_none_60b8b9eb71f62e16\COMCTL32.dll
0x00007fffce3c0000 - 0x00007fffce3eb000 	C:\WINDOWS\System32\GDI32.dll
0x00007fffcf420000 - 0x00007fffcf4be000 	C:\WINDOWS\System32\msvcrt.dll
0x00007fffcd860000 - 0x00007fffcd977000 	C:\WINDOWS\System32\gdi32full.dll
0x00007fffcda60000 - 0x00007fffcdafd000 	C:\WINDOWS\System32\msvcp_win.dll
0x00007fffcdfe0000 - 0x00007fffce012000 	C:\WINDOWS\System32\IMM32.DLL
0x00007fffc8d40000 - 0x00007fffc8d4c000 	D:\Unity Hub\6000.0.10f1\Editor\Data\PlaybackEngines\AndroidPlayer\OpenJDK\bin\vcruntime140_1.dll
0x00007fff40460000 - 0x00007fff404ed000 	D:\Unity Hub\6000.0.10f1\Editor\Data\PlaybackEngines\AndroidPlayer\OpenJDK\bin\msvcp140.dll
0x00007ffeb6f60000 - 0x00007ffeb7bc1000 	D:\Unity Hub\6000.0.10f1\Editor\Data\PlaybackEngines\AndroidPlayer\OpenJDK\bin\server\jvm.dll
0x00007fffce020000 - 0x00007fffce0d0000 	C:\WINDOWS\System32\ADVAPI32.dll
0x00007fffcee70000 - 0x00007fffcef10000 	C:\WINDOWS\System32\sechost.dll
0x00007fffce290000 - 0x00007fffce3b3000 	C:\WINDOWS\System32\RPCRT4.dll
0x00007fffcd980000 - 0x00007fffcd9a7000 	C:\WINDOWS\System32\bcrypt.dll
0x00007fffccf20000 - 0x00007fffccf6b000 	C:\WINDOWS\SYSTEM32\POWRPROF.dll
0x00007fffad4a0000 - 0x00007fffad4a9000 	C:\WINDOWS\SYSTEM32\WSOCK32.dll
0x00007fffc6740000 - 0x00007fffc674a000 	C:\WINDOWS\SYSTEM32\VERSION.dll
0x00007fffc1560000 - 0x00007fffc1587000 	C:\WINDOWS\SYSTEM32\WINMM.dll
0x00007fffced50000 - 0x00007fffcedbb000 	C:\WINDOWS\System32\WS2_32.dll
0x00007fffccf00000 - 0x00007fffccf12000 	C:\WINDOWS\SYSTEM32\UMPDC.dll
0x00007fffcafe0000 - 0x00007fffcaff2000 	C:\WINDOWS\SYSTEM32\kernel.appcore.dll
0x00007fffb2420000 - 0x00007fffb242a000 	D:\Unity Hub\6000.0.10f1\Editor\Data\PlaybackEngines\AndroidPlayer\OpenJDK\bin\jimage.dll
0x00007fffc0a80000 - 0x00007fffc0c64000 	C:\WINDOWS\SYSTEM32\DBGHELP.DLL
0x00007fffb0b00000 - 0x00007fffb0b34000 	C:\WINDOWS\SYSTEM32\dbgcore.DLL
0x00007fffcd610000 - 0x00007fffcd692000 	C:\WINDOWS\System32\bcryptPrimitives.dll
0x00007fff40430000 - 0x00007fff40455000 	D:\Unity Hub\6000.0.10f1\Editor\Data\PlaybackEngines\AndroidPlayer\OpenJDK\bin\java.dll

dbghelp: loaded successfully - version: 4.0.5 - missing functions: none
symbol engine: initialized successfully - sym options: 0x614 - pdb path: .;D:\Unity Hub\6000.0.10f1\Editor\Data\PlaybackEngines\AndroidPlayer\OpenJDK\bin;C:\WINDOWS\SYSTEM32;C:\WINDOWS\WinSxS\amd64_microsoft.windows.common-controls_6595b64144ccf1df_6.0.19041.4355_none_60b8b9eb71f62e16;D:\Unity Hub\6000.0.10f1\Editor\Data\PlaybackEngines\AndroidPlayer\OpenJDK\bin\server

VM Arguments:
java_command: <unknown>
java_class_path (initial): <not set>
Launcher Type: SUN_STANDARD

[Global flags]
     intx CICompilerCount                          = 4                                         {product} {ergonomic}
     uint ConcGCThreads                            = 3                                         {product} {ergonomic}
     uint G1ConcRefinementThreads                  = 10                                        {product} {ergonomic}
   size_t G1HeapRegionSize                         = 2097152                                   {product} {ergonomic}
    uintx GCDrainStackTargetSize                   = 64                                        {product} {ergonomic}
   size_t InitialHeapSize                          = 268435456                                 {product} {ergonomic}
   size_t MarkStackSize                            = 4194304                                   {product} {ergonomic}
   size_t MaxHeapSize                              = 4271898624                                {product} {ergonomic}
   size_t MinHeapDeltaBytes                        = 2097152                                   {product} {ergonomic}
   size_t MinHeapSize                              = 8388608                                   {product} {ergonomic}
    uintx NonNMethodCodeHeapSize                   = 5839372                                {pd product} {ergonomic}
    uintx NonProfiledCodeHeapSize                  = 122909434                              {pd product} {ergonomic}
    uintx ProfiledCodeHeapSize                     = 122909434                              {pd product} {ergonomic}
    uintx ReservedCodeCacheSize                    = 251658240                              {pd product} {ergonomic}
     bool SegmentedCodeCache                       = true                                      {product} {ergonomic}
   size_t SoftMaxHeapSize                          = 4271898624                             {manageable} {ergonomic}
     bool UseCompressedClassPointers               = true                           {product lp64_product} {ergonomic}
     bool UseCompressedOops                        = true                           {product lp64_product} {ergonomic}
     bool UseG1GC                                  = true                                      {product} {ergonomic}
     bool UseLargePagesIndividualAllocation        = false                                  {pd product} {ergonomic}

Logging:
Log output configuration:
 #0: stdout all=warning uptime,level,tags
 #1: stderr all=off uptime,level,tags

Environment Variables:
JAVA_HOME=D:\Unity Hub\6000.0.10f1\Editor\Data\PlaybackEngines\AndroidPlayer\OpenJDK
PATH=C:\Program Files\OpenLogic\jdk-8.0.432.06-hotspot\bin;C:\Program Files (x86)\Microsoft SDKs\Azure\CLI2\wbin;C:\Program Files (x86)\Razer Chroma SDK\bin;C:\Program Files\Razer Chroma SDK\bin;C:\Program Files (x86)\Razer\ChromaBroadcast\bin;C:\Program Files\Razer\ChromaBroadcast\bin;C:\Program Files\Common Files\Oracle\Java\javapath;C:\Program Files (x86)\Common Files\Oracle\Java\javapath;C:\Android_stuff\cmdline-tools;C:\WINDOWS\System32\Wbem;C:\WINDOWS\System32\WindowsPowerShell\v1.0\;C:\WINDOWS\System32\OpenSSH\;C:\Program Files (x86)\NVIDIA Corporation\PhysX\Common;C:\Program Files\dotnet\;C:\Program Files\Git\cmd;S:\nvm;S:\nodejs;C:\Users\pcReyes\AppData\Local\Programs\Eclipse Adoptium\jdk-17.0.2.8-hotspot\\bin;C:\Program Files\Java Build Tools\apache-maven-3.8.4\bin;C:\WINDOWS\system32\cmd.exe;C:\Program Files\Microsoft SQL Server\150\Tools\Binn\;C:\WINDOWS\system32\config\systemprofile\AppData\Local\Microsoft\WindowsApps;C:\Users\pcReyes\AppData\Local\Programs\Eclipse Adoptium\jdk-17.0.2.8-hotspot\bin;C:\Users\pcReyes\AppData\Local\Microsoft\WindowsApps;C:\Users\pcReyes\AppData\Local\Programs\Microsoft VS Code\bin;C:\Users\pcReyes\.dotnet\tools;C:\Program Files\Calibre2\;C:\Program Files\Java Build Tools\gradle-7.4.2\bin;C:\Program Files\Java Build Tools\apache-maven-3.8.4\bin;S:\SQL\PostgresSQL\14\bin;S:\SQL\PostgresSQL\14\pgAdmin 4\bin;C:\Program Files\Neovim\bin;C:\Program Files\CMake\bin;C:\Program Files\GetGnuWin32\bin\;C:\Program Files\LLVM\bin\;C:\Python310;C:\ProgramData\chocolatey\bin;S:\Android\Android Studio\bin;C:\Users\pcReyes\AppData\Roaming\Spotify;C:\Users\pcReyes\AppData\Local\Programs\Joplin;C:\Program Files\Mozilla Firefox;C:\Program Files (x86)\GnuWin32\bin;C:\Program Files\NVIDIA Corporation\NVIDIA NvDLISR;D:\Docker\resources\bin;C:\Windows\System32\wsl.exe;C:\Program Files\Microsoft SQL Server\Client SDK\ODBC\170\Tools\Binn\;C:\Program Files\Microsoft SQL Server\Client SDK\ODBC\130\Tools\Binn\;C:\Program Files (x86)\Microsoft SQL Server\
USERNAME=pcReyes
OS=Windows_NT
PROCESSOR_IDENTIFIER=AMD64 Family 23 Model 113 Stepping 0, AuthenticAMD
TMP=C:\Users\pcReyes\AppData\Local\Temp
TEMP=C:\Users\pcReyes\AppData\Local\Temp



Periodic native trim disabled


---------------  S Y S T E M  ---------------

OS:
 Windows 10 , 64 bit Build 19041 (10.0.19041.3636)
OS uptime: 0 days 2:18 hours
Hyper-V role detected

CPU: total 12 (initial active 12) (12 cores per cpu, 2 threads per core) family 23 model 113 stepping 0 microcode 0x0, cx8, cmov, fxsr, ht, mmx, 3dnowpref, sse, sse2, sse3, ssse3, sse4a, sse4.1, sse4.2, popcnt, lzcnt, tsc, tscinvbit, avx, avx2, aes, clmul, bmi1, bmi2, adx, sha, fma, vzeroupper, clflush, clflushopt, hv
Processor Information for all 12 processors :
  Max Mhz: 3600, Current Mhz: 3600, Mhz Limit: 3600

Memory: 4k page, system-wide physical 16295M (1550M free)
TotalPageFile size 24487M (AvailPageFile size 208M)
current process WorkingSet (physical memory assigned to process): 10M, peak: 10M
current process commit charge ("private bytes"): 64M, peak: 320M

vm_info: OpenJDK 64-Bit Server VM (17.0.9+9) for windows-amd64 JRE (17.0.9+9), built on Oct 26 2023 14:01:42 by "admin" with MS VC++ 16.10 / 16.11 (VS2019)

END.
