#
# There is insufficient memory for the Java Runtime Environment to continue.
# Native memory allocation (malloc) failed to allocate 231808 bytes for Chunk::new
# Possible reasons:
#   The system is out of physical RAM or swap space
#   The process is running with CompressedOops enabled, and the Java Heap may be blocking the growth of the native heap
# Possible solutions:
#   Reduce memory load on the system
#   Increase physical memory or swap space
#   Check if swap backing store is full
#   Decrease Java heap size (-Xmx/-Xms)
#   Decrease number of Java threads
#   Decrease Java thread stack sizes (-Xss)
#   Set larger code cache with -XX:ReservedCodeCacheSize=
#   JVM is running with Zero Based Compressed Oops mode in which the Java heap is
#     placed in the first 32GB address space. The Java Heap base address is the
#     maximum limit for the native heap growth. Please use -XX:HeapBaseMinAddress
#     to set the Java Heap base and to place the Java Heap above 32GB virtual address.
# This output file may be truncated or incomplete.
#
#  Out of Memory Error (arena.cpp:191), pid=27944, tid=29392
#
# JRE version: OpenJDK Runtime Environment Temurin-17.0.9+9 (17.0.9+9) (build 17.0.9+9)
# Java VM: OpenJDK 64-Bit Server VM Temurin-17.0.9+9 (17.0.9+9, mixed mode, sharing, tiered, compressed oops, compressed class ptrs, g1 gc, windows-amd64)
# No core dump will be written. Minidumps are not enabled by default on client versions of Windows
#

---------------  S U M M A R Y ------------

Command Line: -Dcom.android.sdklib.toolsdir=D:\Unity Hub\6000.0.10f1\Editor\Data\PlaybackEngines\AndroidPlayer\SDK\cmdline-tools\6.0\bin\\.. com.android.sdklib.tool.sdkmanager.SdkManagerCli --list

Host: AMD Ryzen 5 3600 6-Core Processor              , 12 cores, 15G,  Windows 10 , 64 bit Build 19041 (10.0.19041.3636)
Time: Tue Nov 26 15:10:01 2024 China Standard Time elapsed time: 0.536926 seconds (0d 0h 0m 0s)

---------------  T H R E A D  ---------------

Current thread (0x0000022a61915ef0):  JavaThread "C2 CompilerThread0" daemon [_thread_in_native, id=29392, stack(0x000000bdf0400000,0x000000bdf0500000)]


Current CompileTask:
C2:    536 1777       4       java.lang.reflect.Method::<init> (68 bytes)

Stack: [0x000000bdf0400000,0x000000bdf0500000]
Native frames: (J=compiled Java code, j=interpreted, Vv=VM code, C=native code)
V  [jvm.dll+0x67cf49]
V  [jvm.dll+0x83478a]
V  [jvm.dll+0x83624e]
V  [jvm.dll+0x8368b3]
V  [jvm.dll+0x247f1f]
V  [jvm.dll+0xac43c]
V  [jvm.dll+0xaca8c]
V  [jvm.dll+0x367067]
V  [jvm.dll+0x3313ba]
V  [jvm.dll+0x33085a]
V  [jvm.dll+0x21a5b1]
V  [jvm.dll+0x2199d1]
V  [jvm.dll+0x1a57cd]
V  [jvm.dll+0x2297ae]
V  [jvm.dll+0x22797c]
V  [jvm.dll+0x7e9877]
V  [jvm.dll+0x7e3c3a]
V  [jvm.dll+0x67be35]
C  [ucrtbase.dll+0x21bb2]
C  [KERNEL32.DLL+0x17344]
C  [ntdll.dll+0x526b1]


---------------  P R O C E S S  ---------------

Threads class SMR info:
_java_thread_list=0x0000022aa74fceb0, length=14, elements={
0x0000022a3e396740, 0x0000022a617f6d20, 0x0000022a617f7ab0, 0x0000022a6190eb30,
0x0000022a61910610, 0x0000022a61914000, 0x0000022a61914ce0, 0x0000022a61915ef0,
0x0000022a61919fd0, 0x0000022a61924d00, 0x0000022a61a57340, 0x0000022a61a7b0b0,
0x0000022aa717e620, 0x0000022aa73cc110
}

Java Threads: ( => current thread )
  0x0000022a3e396740 JavaThread "main" [_thread_in_vm, id=29560, stack(0x000000bdef700000,0x000000bdef800000)]
  0x0000022a617f6d20 JavaThread "Reference Handler" daemon [_thread_blocked, id=30392, stack(0x000000bdefe00000,0x000000bdeff00000)]
  0x0000022a617f7ab0 JavaThread "Finalizer" daemon [_thread_blocked, id=30396, stack(0x000000bdeff00000,0x000000bdf0000000)]
  0x0000022a6190eb30 JavaThread "Signal Dispatcher" daemon [_thread_blocked, id=29068, stack(0x000000bdf0000000,0x000000bdf0100000)]
  0x0000022a61910610 JavaThread "Attach Listener" daemon [_thread_blocked, id=30436, stack(0x000000bdf0100000,0x000000bdf0200000)]
  0x0000022a61914000 JavaThread "Service Thread" daemon [_thread_blocked, id=7960, stack(0x000000bdf0200000,0x000000bdf0300000)]
  0x0000022a61914ce0 JavaThread "Monitor Deflation Thread" daemon [_thread_blocked, id=29048, stack(0x000000bdf0300000,0x000000bdf0400000)]
=>0x0000022a61915ef0 JavaThread "C2 CompilerThread0" daemon [_thread_in_native, id=29392, stack(0x000000bdf0400000,0x000000bdf0500000)]
  0x0000022a61919fd0 JavaThread "C1 CompilerThread0" daemon [_thread_blocked, id=30664, stack(0x000000bdf0500000,0x000000bdf0600000)]
  0x0000022a61924d00 JavaThread "Sweeper thread" daemon [_thread_blocked, id=29700, stack(0x000000bdf0600000,0x000000bdf0700000)]
  0x0000022a61a57340 JavaThread "Notification Thread" daemon [_thread_blocked, id=30668, stack(0x000000bdf0700000,0x000000bdf0800000)]
  0x0000022a61a7b0b0 JavaThread "Common-Cleaner" daemon [_thread_blocked, id=27884, stack(0x000000bdf0900000,0x000000bdf0a00000)]
  0x0000022aa717e620 JavaThread "C2 CompilerThread1" daemon [_thread_in_native, id=30484, stack(0x000000bdf0a00000,0x000000bdf0b00000)]
  0x0000022aa73cc110 JavaThread "C2 CompilerThread2" daemon [_thread_in_native, id=29820, stack(0x000000bdf0b00000,0x000000bdf0c00000)]

Other Threads:
  0x0000022a617f1410 VMThread "VM Thread" [stack: 0x000000bdefd00000,0x000000bdefe00000] [id=30676]
  0x0000022a61a79840 WatcherThread [stack: 0x000000bdf0800000,0x000000bdf0900000] [id=12600]
  0x0000022a3e401b20 GCTaskThread "GC Thread#0" [stack: 0x000000bdef800000,0x000000bdef900000] [id=30108]
  0x0000022aa730b920 GCTaskThread "GC Thread#1" [stack: 0x000000bdf0c00000,0x000000bdf0d00000] [id=22936]
  0x0000022aa7722850 GCTaskThread "GC Thread#2" [stack: 0x000000bdf0d00000,0x000000bdf0e00000] [id=30432]
  0x0000022aa7722b10 GCTaskThread "GC Thread#3" [stack: 0x000000bdf0e00000,0x000000bdf0f00000] [id=25488]
  0x0000022aa77237e0 GCTaskThread "GC Thread#4" [stack: 0x000000bdf0f00000,0x000000bdf1000000] [id=1656]
  0x0000022aa7723aa0 GCTaskThread "GC Thread#5" [stack: 0x000000bdf1000000,0x000000bdf1100000] [id=2664]
  0x0000022a3e412810 ConcurrentGCThread "G1 Main Marker" [stack: 0x000000bdef900000,0x000000bdefa00000] [id=30368]
  0x0000022a3e4138e0 ConcurrentGCThread "G1 Conc#0" [stack: 0x000000bdefa00000,0x000000bdefb00000] [id=30360]
  0x0000022a616a2160 ConcurrentGCThread "G1 Refine#0" [stack: 0x000000bdefb00000,0x000000bdefc00000] [id=30020]
  0x0000022a616a2aa0 ConcurrentGCThread "G1 Service" [stack: 0x000000bdefc00000,0x000000bdefd00000] [id=24348]

Threads with active compile tasks:
C2 CompilerThread0      545 1777       4       java.lang.reflect.Method::<init> (68 bytes)
C1 CompilerThread0      545 1819       3       java.util.regex.Matcher::replaceAll (59 bytes)
C2 CompilerThread1      545 1812       4       java.util.regex.Matcher::search (154 bytes)
C2 CompilerThread2      545 1717       4       jdk.internal.org.objectweb.asm.Frame::execute (2305 bytes)

VM state: not at safepoint (normal execution)

VM Mutex/Monitor currently owned by a thread: None

Heap address: 0x0000000701600000, size: 4074 MB, Compressed Oops mode: Zero based, Oop shift amount: 3

CDS archive(s) mapped at: [0x0000022a62000000-0x0000022a62ba0000-0x0000022a62ba0000), size 12189696, SharedBaseAddress: 0x0000022a62000000, ArchiveRelocationMode: 1.
Compressed class space mapped at: 0x0000022a63000000-0x0000022aa3000000, reserved size: 1073741824
Narrow klass base: 0x0000022a62000000, Narrow klass shift: 0, Narrow klass range: 0x100000000

GC Precious Log:
 CPUs: 12 total, 12 available
 Memory: 16295M
 Large Page Support: Disabled
 NUMA Support: Disabled
 Compressed Oops: Enabled (Zero based)
 Heap Region Size: 2M
 Heap Min Capacity: 8M
 Heap Initial Capacity: 256M
 Heap Max Capacity: 4074M
 Pre-touch: Disabled
 Parallel Workers: 10
 Concurrent Workers: 3
 Concurrent Refinement Workers: 10
 Periodic GC: Disabled

Heap:
 garbage-first heap   total 262144K, used 20102K [0x0000000701600000, 0x0000000800000000)
  region size 2048K, 12 young (24576K), 2 survivors (4096K)
 Metaspace       used 10463K, committed 10624K, reserved 1114112K
  class space    used 1115K, committed 1152K, reserved 1048576K

Heap Regions: E=young(eden), S=young(survivor), O=old, HS=humongous(starts), HC=humongous(continues), CS=collection set, F=free, OA=open archive, CA=closed archive, TAMS=top-at-mark-start (previous, next)
|   0|0x0000000701600000, 0x0000000701600000, 0x0000000701800000|  0%| F|  |TAMS 0x0000000701600000, 0x0000000701600000| Untracked 
|   1|0x0000000701800000, 0x0000000701800000, 0x0000000701a00000|  0%| F|  |TAMS 0x0000000701800000, 0x0000000701800000| Untracked 
|   2|0x0000000701a00000, 0x0000000701a00000, 0x0000000701c00000|  0%| F|  |TAMS 0x0000000701a00000, 0x0000000701a00000| Untracked 
|   3|0x0000000701c00000, 0x0000000701c00000, 0x0000000701e00000|  0%| F|  |TAMS 0x0000000701c00000, 0x0000000701c00000| Untracked 
|   4|0x0000000701e00000, 0x0000000701e00000, 0x0000000702000000|  0%| F|  |TAMS 0x0000000701e00000, 0x0000000701e00000| Untracked 
|   5|0x0000000702000000, 0x0000000702000000, 0x0000000702200000|  0%| F|  |TAMS 0x0000000702000000, 0x0000000702000000| Untracked 
|   6|0x0000000702200000, 0x0000000702200000, 0x0000000702400000|  0%| F|  |TAMS 0x0000000702200000, 0x0000000702200000| Untracked 
|   7|0x0000000702400000, 0x0000000702400000, 0x0000000702600000|  0%| F|  |TAMS 0x0000000702400000, 0x0000000702400000| Untracked 
|   8|0x0000000702600000, 0x0000000702600000, 0x0000000702800000|  0%| F|  |TAMS 0x0000000702600000, 0x0000000702600000| Untracked 
|   9|0x0000000702800000, 0x0000000702800000, 0x0000000702a00000|  0%| F|  |TAMS 0x0000000702800000, 0x0000000702800000| Untracked 
|  10|0x0000000702a00000, 0x0000000702a00000, 0x0000000702c00000|  0%| F|  |TAMS 0x0000000702a00000, 0x0000000702a00000| Untracked 
|  11|0x0000000702c00000, 0x0000000702c00000, 0x0000000702e00000|  0%| F|  |TAMS 0x0000000702c00000, 0x0000000702c00000| Untracked 
|  12|0x0000000702e00000, 0x0000000702e00000, 0x0000000703000000|  0%| F|  |TAMS 0x0000000702e00000, 0x0000000702e00000| Untracked 
|  13|0x0000000703000000, 0x0000000703000000, 0x0000000703200000|  0%| F|  |TAMS 0x0000000703000000, 0x0000000703000000| Untracked 
|  14|0x0000000703200000, 0x0000000703200000, 0x0000000703400000|  0%| F|  |TAMS 0x0000000703200000, 0x0000000703200000| Untracked 
|  15|0x0000000703400000, 0x0000000703400000, 0x0000000703600000|  0%| F|  |TAMS 0x0000000703400000, 0x0000000703400000| Untracked 
|  16|0x0000000703600000, 0x0000000703600000, 0x0000000703800000|  0%| F|  |TAMS 0x0000000703600000, 0x0000000703600000| Untracked 
|  17|0x0000000703800000, 0x0000000703800000, 0x0000000703a00000|  0%| F|  |TAMS 0x0000000703800000, 0x0000000703800000| Untracked 
|  18|0x0000000703a00000, 0x0000000703a00000, 0x0000000703c00000|  0%| F|  |TAMS 0x0000000703a00000, 0x0000000703a00000| Untracked 
|  19|0x0000000703c00000, 0x0000000703c00000, 0x0000000703e00000|  0%| F|  |TAMS 0x0000000703c00000, 0x0000000703c00000| Untracked 
|  20|0x0000000703e00000, 0x0000000703e00000, 0x0000000704000000|  0%| F|  |TAMS 0x0000000703e00000, 0x0000000703e00000| Untracked 
|  21|0x0000000704000000, 0x0000000704000000, 0x0000000704200000|  0%| F|  |TAMS 0x0000000704000000, 0x0000000704000000| Untracked 
|  22|0x0000000704200000, 0x0000000704200000, 0x0000000704400000|  0%| F|  |TAMS 0x0000000704200000, 0x0000000704200000| Untracked 
|  23|0x0000000704400000, 0x0000000704400000, 0x0000000704600000|  0%| F|  |TAMS 0x0000000704400000, 0x0000000704400000| Untracked 
|  24|0x0000000704600000, 0x0000000704600000, 0x0000000704800000|  0%| F|  |TAMS 0x0000000704600000, 0x0000000704600000| Untracked 
|  25|0x0000000704800000, 0x0000000704800000, 0x0000000704a00000|  0%| F|  |TAMS 0x0000000704800000, 0x0000000704800000| Untracked 
|  26|0x0000000704a00000, 0x0000000704a00000, 0x0000000704c00000|  0%| F|  |TAMS 0x0000000704a00000, 0x0000000704a00000| Untracked 
|  27|0x0000000704c00000, 0x0000000704c00000, 0x0000000704e00000|  0%| F|  |TAMS 0x0000000704c00000, 0x0000000704c00000| Untracked 
|  28|0x0000000704e00000, 0x0000000704e00000, 0x0000000705000000|  0%| F|  |TAMS 0x0000000704e00000, 0x0000000704e00000| Untracked 
|  29|0x0000000705000000, 0x0000000705000000, 0x0000000705200000|  0%| F|  |TAMS 0x0000000705000000, 0x0000000705000000| Untracked 
|  30|0x0000000705200000, 0x0000000705200000, 0x0000000705400000|  0%| F|  |TAMS 0x0000000705200000, 0x0000000705200000| Untracked 
|  31|0x0000000705400000, 0x0000000705400000, 0x0000000705600000|  0%| F|  |TAMS 0x0000000705400000, 0x0000000705400000| Untracked 
|  32|0x0000000705600000, 0x0000000705600000, 0x0000000705800000|  0%| F|  |TAMS 0x0000000705600000, 0x0000000705600000| Untracked 
|  33|0x0000000705800000, 0x0000000705800000, 0x0000000705a00000|  0%| F|  |TAMS 0x0000000705800000, 0x0000000705800000| Untracked 
|  34|0x0000000705a00000, 0x0000000705a00000, 0x0000000705c00000|  0%| F|  |TAMS 0x0000000705a00000, 0x0000000705a00000| Untracked 
|  35|0x0000000705c00000, 0x0000000705c00000, 0x0000000705e00000|  0%| F|  |TAMS 0x0000000705c00000, 0x0000000705c00000| Untracked 
|  36|0x0000000705e00000, 0x0000000705e00000, 0x0000000706000000|  0%| F|  |TAMS 0x0000000705e00000, 0x0000000705e00000| Untracked 
|  37|0x0000000706000000, 0x0000000706000000, 0x0000000706200000|  0%| F|  |TAMS 0x0000000706000000, 0x0000000706000000| Untracked 
|  38|0x0000000706200000, 0x0000000706200000, 0x0000000706400000|  0%| F|  |TAMS 0x0000000706200000, 0x0000000706200000| Untracked 
|  39|0x0000000706400000, 0x0000000706400000, 0x0000000706600000|  0%| F|  |TAMS 0x0000000706400000, 0x0000000706400000| Untracked 
|  40|0x0000000706600000, 0x0000000706600000, 0x0000000706800000|  0%| F|  |TAMS 0x0000000706600000, 0x0000000706600000| Untracked 
|  41|0x0000000706800000, 0x0000000706800000, 0x0000000706a00000|  0%| F|  |TAMS 0x0000000706800000, 0x0000000706800000| Untracked 
|  42|0x0000000706a00000, 0x0000000706a00000, 0x0000000706c00000|  0%| F|  |TAMS 0x0000000706a00000, 0x0000000706a00000| Untracked 
|  43|0x0000000706c00000, 0x0000000706c00000, 0x0000000706e00000|  0%| F|  |TAMS 0x0000000706c00000, 0x0000000706c00000| Untracked 
|  44|0x0000000706e00000, 0x0000000706e00000, 0x0000000707000000|  0%| F|  |TAMS 0x0000000706e00000, 0x0000000706e00000| Untracked 
|  45|0x0000000707000000, 0x0000000707000000, 0x0000000707200000|  0%| F|  |TAMS 0x0000000707000000, 0x0000000707000000| Untracked 
|  46|0x0000000707200000, 0x0000000707200000, 0x0000000707400000|  0%| F|  |TAMS 0x0000000707200000, 0x0000000707200000| Untracked 
|  47|0x0000000707400000, 0x0000000707400000, 0x0000000707600000|  0%| F|  |TAMS 0x0000000707400000, 0x0000000707400000| Untracked 
|  48|0x0000000707600000, 0x0000000707600000, 0x0000000707800000|  0%| F|  |TAMS 0x0000000707600000, 0x0000000707600000| Untracked 
|  49|0x0000000707800000, 0x0000000707800000, 0x0000000707a00000|  0%| F|  |TAMS 0x0000000707800000, 0x0000000707800000| Untracked 
|  50|0x0000000707a00000, 0x0000000707a00000, 0x0000000707c00000|  0%| F|  |TAMS 0x0000000707a00000, 0x0000000707a00000| Untracked 
|  51|0x0000000707c00000, 0x0000000707c00000, 0x0000000707e00000|  0%| F|  |TAMS 0x0000000707c00000, 0x0000000707c00000| Untracked 
|  52|0x0000000707e00000, 0x0000000707e00000, 0x0000000708000000|  0%| F|  |TAMS 0x0000000707e00000, 0x0000000707e00000| Untracked 
|  53|0x0000000708000000, 0x0000000708000000, 0x0000000708200000|  0%| F|  |TAMS 0x0000000708000000, 0x0000000708000000| Untracked 
|  54|0x0000000708200000, 0x0000000708200000, 0x0000000708400000|  0%| F|  |TAMS 0x0000000708200000, 0x0000000708200000| Untracked 
|  55|0x0000000708400000, 0x0000000708400000, 0x0000000708600000|  0%| F|  |TAMS 0x0000000708400000, 0x0000000708400000| Untracked 
|  56|0x0000000708600000, 0x0000000708600000, 0x0000000708800000|  0%| F|  |TAMS 0x0000000708600000, 0x0000000708600000| Untracked 
|  57|0x0000000708800000, 0x0000000708800000, 0x0000000708a00000|  0%| F|  |TAMS 0x0000000708800000, 0x0000000708800000| Untracked 
|  58|0x0000000708a00000, 0x0000000708a00000, 0x0000000708c00000|  0%| F|  |TAMS 0x0000000708a00000, 0x0000000708a00000| Untracked 
|  59|0x0000000708c00000, 0x0000000708c00000, 0x0000000708e00000|  0%| F|  |TAMS 0x0000000708c00000, 0x0000000708c00000| Untracked 
|  60|0x0000000708e00000, 0x0000000708e00000, 0x0000000709000000|  0%| F|  |TAMS 0x0000000708e00000, 0x0000000708e00000| Untracked 
|  61|0x0000000709000000, 0x0000000709000000, 0x0000000709200000|  0%| F|  |TAMS 0x0000000709000000, 0x0000000709000000| Untracked 
|  62|0x0000000709200000, 0x0000000709200000, 0x0000000709400000|  0%| F|  |TAMS 0x0000000709200000, 0x0000000709200000| Untracked 
|  63|0x0000000709400000, 0x0000000709400000, 0x0000000709600000|  0%| F|  |TAMS 0x0000000709400000, 0x0000000709400000| Untracked 
|  64|0x0000000709600000, 0x0000000709600000, 0x0000000709800000|  0%| F|  |TAMS 0x0000000709600000, 0x0000000709600000| Untracked 
|  65|0x0000000709800000, 0x0000000709800000, 0x0000000709a00000|  0%| F|  |TAMS 0x0000000709800000, 0x0000000709800000| Untracked 
|  66|0x0000000709a00000, 0x0000000709a00000, 0x0000000709c00000|  0%| F|  |TAMS 0x0000000709a00000, 0x0000000709a00000| Untracked 
|  67|0x0000000709c00000, 0x0000000709c00000, 0x0000000709e00000|  0%| F|  |TAMS 0x0000000709c00000, 0x0000000709c00000| Untracked 
|  68|0x0000000709e00000, 0x0000000709e00000, 0x000000070a000000|  0%| F|  |TAMS 0x0000000709e00000, 0x0000000709e00000| Untracked 
|  69|0x000000070a000000, 0x000000070a000000, 0x000000070a200000|  0%| F|  |TAMS 0x000000070a000000, 0x000000070a000000| Untracked 
|  70|0x000000070a200000, 0x000000070a200000, 0x000000070a400000|  0%| F|  |TAMS 0x000000070a200000, 0x000000070a200000| Untracked 
|  71|0x000000070a400000, 0x000000070a400000, 0x000000070a600000|  0%| F|  |TAMS 0x000000070a400000, 0x000000070a400000| Untracked 
|  72|0x000000070a600000, 0x000000070a600000, 0x000000070a800000|  0%| F|  |TAMS 0x000000070a600000, 0x000000070a600000| Untracked 
|  73|0x000000070a800000, 0x000000070a800000, 0x000000070aa00000|  0%| F|  |TAMS 0x000000070a800000, 0x000000070a800000| Untracked 
|  74|0x000000070aa00000, 0x000000070aa00000, 0x000000070ac00000|  0%| F|  |TAMS 0x000000070aa00000, 0x000000070aa00000| Untracked 
|  75|0x000000070ac00000, 0x000000070ac00000, 0x000000070ae00000|  0%| F|  |TAMS 0x000000070ac00000, 0x000000070ac00000| Untracked 
|  76|0x000000070ae00000, 0x000000070ae00000, 0x000000070b000000|  0%| F|  |TAMS 0x000000070ae00000, 0x000000070ae00000| Untracked 
|  77|0x000000070b000000, 0x000000070b000000, 0x000000070b200000|  0%| F|  |TAMS 0x000000070b000000, 0x000000070b000000| Untracked 
|  78|0x000000070b200000, 0x000000070b200000, 0x000000070b400000|  0%| F|  |TAMS 0x000000070b200000, 0x000000070b200000| Untracked 
|  79|0x000000070b400000, 0x000000070b400000, 0x000000070b600000|  0%| F|  |TAMS 0x000000070b400000, 0x000000070b400000| Untracked 
|  80|0x000000070b600000, 0x000000070b600000, 0x000000070b800000|  0%| F|  |TAMS 0x000000070b600000, 0x000000070b600000| Untracked 
|  81|0x000000070b800000, 0x000000070b800000, 0x000000070ba00000|  0%| F|  |TAMS 0x000000070b800000, 0x000000070b800000| Untracked 
|  82|0x000000070ba00000, 0x000000070ba00000, 0x000000070bc00000|  0%| F|  |TAMS 0x000000070ba00000, 0x000000070ba00000| Untracked 
|  83|0x000000070bc00000, 0x000000070bc00000, 0x000000070be00000|  0%| F|  |TAMS 0x000000070bc00000, 0x000000070bc00000| Untracked 
|  84|0x000000070be00000, 0x000000070be00000, 0x000000070c000000|  0%| F|  |TAMS 0x000000070be00000, 0x000000070be00000| Untracked 
|  85|0x000000070c000000, 0x000000070c000000, 0x000000070c200000|  0%| F|  |TAMS 0x000000070c000000, 0x000000070c000000| Untracked 
|  86|0x000000070c200000, 0x000000070c200000, 0x000000070c400000|  0%| F|  |TAMS 0x000000070c200000, 0x000000070c200000| Untracked 
|  87|0x000000070c400000, 0x000000070c400000, 0x000000070c600000|  0%| F|  |TAMS 0x000000070c400000, 0x000000070c400000| Untracked 
|  88|0x000000070c600000, 0x000000070c600000, 0x000000070c800000|  0%| F|  |TAMS 0x000000070c600000, 0x000000070c600000| Untracked 
|  89|0x000000070c800000, 0x000000070c800000, 0x000000070ca00000|  0%| F|  |TAMS 0x000000070c800000, 0x000000070c800000| Untracked 
|  90|0x000000070ca00000, 0x000000070ca00000, 0x000000070cc00000|  0%| F|  |TAMS 0x000000070ca00000, 0x000000070ca00000| Untracked 
|  91|0x000000070cc00000, 0x000000070cc00000, 0x000000070ce00000|  0%| F|  |TAMS 0x000000070cc00000, 0x000000070cc00000| Untracked 
|  92|0x000000070ce00000, 0x000000070ce00000, 0x000000070d000000|  0%| F|  |TAMS 0x000000070ce00000, 0x000000070ce00000| Untracked 
|  93|0x000000070d000000, 0x000000070d000000, 0x000000070d200000|  0%| F|  |TAMS 0x000000070d000000, 0x000000070d000000| Untracked 
|  94|0x000000070d200000, 0x000000070d200000, 0x000000070d400000|  0%| F|  |TAMS 0x000000070d200000, 0x000000070d200000| Untracked 
|  95|0x000000070d400000, 0x000000070d400000, 0x000000070d600000|  0%| F|  |TAMS 0x000000070d400000, 0x000000070d400000| Untracked 
|  96|0x000000070d600000, 0x000000070d600000, 0x000000070d800000|  0%| F|  |TAMS 0x000000070d600000, 0x000000070d600000| Untracked 
|  97|0x000000070d800000, 0x000000070d800000, 0x000000070da00000|  0%| F|  |TAMS 0x000000070d800000, 0x000000070d800000| Untracked 
|  98|0x000000070da00000, 0x000000070da00000, 0x000000070dc00000|  0%| F|  |TAMS 0x000000070da00000, 0x000000070da00000| Untracked 
|  99|0x000000070dc00000, 0x000000070dc00000, 0x000000070de00000|  0%| F|  |TAMS 0x000000070dc00000, 0x000000070dc00000| Untracked 
| 100|0x000000070de00000, 0x000000070de00000, 0x000000070e000000|  0%| F|  |TAMS 0x000000070de00000, 0x000000070de00000| Untracked 
| 101|0x000000070e000000, 0x000000070e000000, 0x000000070e200000|  0%| F|  |TAMS 0x000000070e000000, 0x000000070e000000| Untracked 
| 102|0x000000070e200000, 0x000000070e200000, 0x000000070e400000|  0%| F|  |TAMS 0x000000070e200000, 0x000000070e200000| Untracked 
| 103|0x000000070e400000, 0x000000070e400000, 0x000000070e600000|  0%| F|  |TAMS 0x000000070e400000, 0x000000070e400000| Untracked 
| 104|0x000000070e600000, 0x000000070e600000, 0x000000070e800000|  0%| F|  |TAMS 0x000000070e600000, 0x000000070e600000| Untracked 
| 105|0x000000070e800000, 0x000000070e800000, 0x000000070ea00000|  0%| F|  |TAMS 0x000000070e800000, 0x000000070e800000| Untracked 
| 106|0x000000070ea00000, 0x000000070ea00000, 0x000000070ec00000|  0%| F|  |TAMS 0x000000070ea00000, 0x000000070ea00000| Untracked 
| 107|0x000000070ec00000, 0x000000070ec00000, 0x000000070ee00000|  0%| F|  |TAMS 0x000000070ec00000, 0x000000070ec00000| Untracked 
| 108|0x000000070ee00000, 0x000000070ee00000, 0x000000070f000000|  0%| F|  |TAMS 0x000000070ee00000, 0x000000070ee00000| Untracked 
| 109|0x000000070f000000, 0x000000070f000000, 0x000000070f200000|  0%| F|  |TAMS 0x000000070f000000, 0x000000070f000000| Untracked 
| 110|0x000000070f200000, 0x000000070f200000, 0x000000070f400000|  0%| F|  |TAMS 0x000000070f200000, 0x000000070f200000| Untracked 
| 111|0x000000070f400000, 0x000000070f400000, 0x000000070f600000|  0%| F|  |TAMS 0x000000070f400000, 0x000000070f400000| Untracked 
| 112|0x000000070f600000, 0x000000070f600000, 0x000000070f800000|  0%| F|  |TAMS 0x000000070f600000, 0x000000070f600000| Untracked 
| 113|0x000000070f800000, 0x000000070f800000, 0x000000070fa00000|  0%| F|  |TAMS 0x000000070f800000, 0x000000070f800000| Untracked 
| 114|0x000000070fa00000, 0x000000070fa00000, 0x000000070fc00000|  0%| F|  |TAMS 0x000000070fa00000, 0x000000070fa00000| Untracked 
| 115|0x000000070fc00000, 0x000000070fda1ac8, 0x000000070fe00000| 81%| S|CS|TAMS 0x000000070fc00000, 0x000000070fc00000| Complete 
| 116|0x000000070fe00000, 0x0000000710000000, 0x0000000710000000|100%| S|CS|TAMS 0x000000070fe00000, 0x000000070fe00000| Complete 
| 117|0x0000000710000000, 0x0000000710000000, 0x0000000710200000|  0%| F|  |TAMS 0x0000000710000000, 0x0000000710000000| Untracked 
| 118|0x0000000710200000, 0x0000000710318f38, 0x0000000710400000| 54%| E|  |TAMS 0x0000000710200000, 0x0000000710200000| Complete 
| 119|0x0000000710400000, 0x0000000710600000, 0x0000000710600000|100%| E|CS|TAMS 0x0000000710400000, 0x0000000710400000| Complete 
| 120|0x0000000710600000, 0x0000000710800000, 0x0000000710800000|100%| E|CS|TAMS 0x0000000710600000, 0x0000000710600000| Complete 
| 121|0x0000000710800000, 0x0000000710a00000, 0x0000000710a00000|100%| E|  |TAMS 0x0000000710800000, 0x0000000710800000| Complete 
| 122|0x0000000710a00000, 0x0000000710c00000, 0x0000000710c00000|100%| E|CS|TAMS 0x0000000710a00000, 0x0000000710a00000| Complete 
| 123|0x0000000710c00000, 0x0000000710e00000, 0x0000000710e00000|100%| E|CS|TAMS 0x0000000710c00000, 0x0000000710c00000| Complete 
| 124|0x0000000710e00000, 0x0000000711000000, 0x0000000711000000|100%| E|CS|TAMS 0x0000000710e00000, 0x0000000710e00000| Complete 
| 125|0x0000000711000000, 0x0000000711200000, 0x0000000711200000|100%| E|CS|TAMS 0x0000000711000000, 0x0000000711000000| Complete 
| 126|0x0000000711200000, 0x0000000711400000, 0x0000000711400000|100%| E|CS|TAMS 0x0000000711200000, 0x0000000711200000| Complete 
| 127|0x0000000711400000, 0x0000000711600000, 0x0000000711600000|100%| E|CS|TAMS 0x0000000711400000, 0x0000000711400000| Complete 

Card table byte_map: [0x0000022a55c00000,0x0000022a56400000] _byte_map_base: 0x0000022a523f5000

Marking Bits (Prev, Next): (CMBitMap*) 0x0000022a3e402050, (CMBitMap*) 0x0000022a3e402090
 Prev Bits: [0x0000022a56c00000, 0x0000022a5aba8000)
 Next Bits: [0x0000022a5abb0000, 0x0000022a5eb58000)

Polling page: 0x0000022a3c2d0000

Metaspace:

Usage:
  Non-class:      9.13 MB used.
      Class:      1.09 MB used.
       Both:     10.22 MB used.

Virtual space:
  Non-class space:       64.00 MB reserved,       9.25 MB ( 14%) committed,  1 nodes.
      Class space:        1.00 GB reserved,       1.12 MB ( <1%) committed,  1 nodes.
             Both:        1.06 GB reserved,      10.38 MB ( <1%) committed. 

Chunk freelists:
   Non-Class:  6.22 MB
       Class:  14.69 MB
        Both:  20.91 MB

MaxMetaspaceSize: unlimited
CompressedClassSpaceSize: 1.00 GB
Initial GC threshold: 21.00 MB
Current GC threshold: 21.00 MB
CDS: on
MetaspaceReclaimPolicy: balanced
 - commit_granule_bytes: 65536.
 - commit_granule_words: 8192.
 - virtual_space_node_default_size: 8388608.
 - enlarge_chunks_in_place: 1.
 - new_chunks_are_fully_committed: 0.
 - uncommit_free_chunks: 1.
 - use_allocation_guard: 0.
 - handle_deallocations: 1.


Internal statistics:

num_allocs_failed_limit: 0.
num_arena_births: 118.
num_arena_deaths: 0.
num_vsnodes_births: 2.
num_vsnodes_deaths: 0.
num_space_committed: 166.
num_space_uncommitted: 0.
num_chunks_returned_to_freelist: 0.
num_chunks_taken_from_freelist: 375.
num_chunk_merges: 0.
num_chunk_splits: 251.
num_chunks_enlarged: 181.
num_inconsistent_stats: 0.

CodeHeap 'non-profiled nmethods': size=120000Kb used=573Kb max_used=573Kb free=119426Kb
 bounds [0x0000022a4d980000, 0x0000022a4dbf0000, 0x0000022a54eb0000]
CodeHeap 'profiled nmethods': size=120000Kb used=3474Kb max_used=3474Kb free=116525Kb
 bounds [0x0000022a45eb0000, 0x0000022a46220000, 0x0000022a4d3e0000]
CodeHeap 'non-nmethods': size=5760Kb used=1172Kb max_used=1190Kb free=4587Kb
 bounds [0x0000022a4d3e0000, 0x0000022a4d650000, 0x0000022a4d980000]
 total_blobs=2284 nmethods=1818 adapters=379
 compilation: enabled
              stopped_count=0, restarted_count=0
 full_count=0

Compilation events (20 events):
Event: 0.530 Thread 0x0000022a61919fd0 nmethod 1764 0x0000022a461e5b90 code [0x0000022a461e5d80, 0x0000022a461e6228]
Event: 0.530 Thread 0x0000022a61919fd0 1724       1       java.net.URL::getUserInfo (5 bytes)
Event: 0.530 Thread 0x0000022a61919fd0 nmethod 1724 0x0000022a4da09310 code [0x0000022a4da094a0, 0x0000022a4da09578]
Event: 0.530 Thread 0x0000022a61919fd0 1765       3       java.util.AbstractList::equals (117 bytes)
Event: 0.530 Thread 0x0000022a61919fd0 nmethod 1765 0x0000022a461e6410 code [0x0000022a461e6680, 0x0000022a461e7408]
Event: 0.530 Thread 0x0000022a61919fd0 1766       3       com.sun.xml.bind.v2.model.impl.PropertyInfoImpl::getApplicableAdapter (201 bytes)
Event: 0.531 Thread 0x0000022a61919fd0 nmethod 1766 0x0000022a461e7690 code [0x0000022a461e7a40, 0x0000022a461e95f8]
Event: 0.531 Thread 0x0000022a61919fd0 1769       3       java.lang.Class::searchMethods (104 bytes)
Event: 0.531 Thread 0x0000022a61915ef0 nmethod 1756 0x0000022a4da09610 code [0x0000022a4da097c0, 0x0000022a4da09fc8]
Event: 0.531 Thread 0x0000022a61915ef0 1760       4       java.lang.reflect.Method::copy (84 bytes)
Event: 0.532 Thread 0x0000022a61919fd0 nmethod 1769 0x0000022a461e9f90 code [0x0000022a461ea200, 0x0000022a461ead08]
Event: 0.532 Thread 0x0000022a61919fd0 1772       3       java.util.TreeMap::put (221 bytes)
Event: 0.532 Thread 0x0000022a61919fd0 nmethod 1772 0x0000022a461eb190 code [0x0000022a461eb3e0, 0x0000022a461ec028]
Event: 0.532 Thread 0x0000022a61919fd0 1767       3       com.sun.xml.bind.v2.model.impl.PropertyInfoImpl::isApplicable (116 bytes)
Event: 0.533 Thread 0x0000022a61919fd0 nmethod 1767 0x0000022a461ec310 code [0x0000022a461ec6e0, 0x0000022a461ee498]
Event: 0.533 Thread 0x0000022a61919fd0 1773       3       com.sun.xml.bind.v2.model.impl.ClassInfoImpl::hasJAXBAnnotation (13 bytes)
Event: 0.533 Thread 0x0000022a61919fd0 nmethod 1773 0x0000022a461ef010 code [0x0000022a461ef1c0, 0x0000022a461ef328]
Event: 0.533 Thread 0x0000022a61919fd0 1778       3       com.sun.xml.bind.v2.model.impl.ClassInfoImpl::collectGetterSetters (506 bytes)
Event: 0.533 Thread 0x0000022a61915ef0 nmethod 1760 0x0000022a4da0a490 code [0x0000022a4da0a620, 0x0000022a4da0a918]
Event: 0.533 Thread 0x0000022a61915ef0 1777       4       java.lang.reflect.Method::<init> (68 bytes)

GC Heap History (2 events):
Event: 0.350 GC heap before
{Heap before GC invocations=0 (full 0):
 garbage-first heap   total 262144K, used 20480K [0x0000000701600000, 0x0000000800000000)
  region size 2048K, 11 young (22528K), 0 survivors (0K)
 Metaspace       used 6612K, committed 6784K, reserved 1114112K
  class space    used 743K, committed 832K, reserved 1048576K
}
Event: 0.352 GC heap after
{Heap after GC invocations=1 (full 0):
 garbage-first heap   total 262144K, used 3718K [0x0000000701600000, 0x0000000800000000)
  region size 2048K, 2 young (4096K), 2 survivors (4096K)
 Metaspace       used 6612K, committed 6784K, reserved 1114112K
  class space    used 743K, committed 832K, reserved 1048576K
}

Dll operation events (6 events):
Event: 0.003 Loaded shared library D:\Unity Hub\6000.0.10f1\Editor\Data\PlaybackEngines\AndroidPlayer\OpenJDK\bin\java.dll
Event: 0.015 Loaded shared library D:\Unity Hub\6000.0.10f1\Editor\Data\PlaybackEngines\AndroidPlayer\OpenJDK\bin\jsvml.dll
Event: 0.035 Loaded shared library D:\Unity Hub\6000.0.10f1\Editor\Data\PlaybackEngines\AndroidPlayer\OpenJDK\bin\net.dll
Event: 0.035 Loaded shared library D:\Unity Hub\6000.0.10f1\Editor\Data\PlaybackEngines\AndroidPlayer\OpenJDK\bin\nio.dll
Event: 0.040 Loaded shared library D:\Unity Hub\6000.0.10f1\Editor\Data\PlaybackEngines\AndroidPlayer\OpenJDK\bin\zip.dll
Event: 0.179 Loaded shared library D:\Unity Hub\6000.0.10f1\Editor\Data\PlaybackEngines\AndroidPlayer\OpenJDK\bin\jimage.dll

Deoptimization events (20 events):
Event: 0.443 Thread 0x0000022a3e396740 DEOPT PACKING pc=0x0000022a4d9e55e0 sp=0x000000bdef7fe010
Event: 0.443 Thread 0x0000022a3e396740 DEOPT UNPACKING pc=0x0000022a4d4369a3 sp=0x000000bdef7fdfc0 mode 2
Event: 0.444 Thread 0x0000022a3e396740 Uncommon trap: trap_request=0xffffffde fr.pc=0x0000022a4d9d3f00 relative=0x0000000000000440
Event: 0.444 Thread 0x0000022a3e396740 Uncommon trap: reason=class_check action=maybe_recompile pc=0x0000022a4d9d3f00 method=java.util.HashMap.getNode(Ljava/lang/Object;)Ljava/util/HashMap$Node; @ 128 c2
Event: 0.444 Thread 0x0000022a3e396740 DEOPT PACKING pc=0x0000022a4d9d3f00 sp=0x000000bdef7fde10
Event: 0.444 Thread 0x0000022a3e396740 DEOPT UNPACKING pc=0x0000022a4d4369a3 sp=0x000000bdef7fdd28 mode 2
Event: 0.451 Thread 0x0000022a3e396740 Uncommon trap: trap_request=0xffffffde fr.pc=0x0000022a4d9d3f00 relative=0x0000000000000440
Event: 0.451 Thread 0x0000022a3e396740 Uncommon trap: reason=class_check action=maybe_recompile pc=0x0000022a4d9d3f00 method=java.util.HashMap.getNode(Ljava/lang/Object;)Ljava/util/HashMap$Node; @ 128 c2
Event: 0.451 Thread 0x0000022a3e396740 DEOPT PACKING pc=0x0000022a4d9d3f00 sp=0x000000bdef7fde10
Event: 0.451 Thread 0x0000022a3e396740 DEOPT UNPACKING pc=0x0000022a4d4369a3 sp=0x000000bdef7fdd28 mode 2
Event: 0.474 Thread 0x0000022a3e396740 DEOPT PACKING pc=0x0000022a45eee6e5 sp=0x000000bdef7fd160
Event: 0.474 Thread 0x0000022a3e396740 DEOPT UNPACKING pc=0x0000022a4d437143 sp=0x000000bdef7fc5b0 mode 0
Event: 0.490 Thread 0x0000022a3e396740 Uncommon trap: trap_request=0xffffff45 fr.pc=0x0000022a4d9f15c0 relative=0x0000000000000420
Event: 0.490 Thread 0x0000022a3e396740 Uncommon trap: reason=unstable_if action=reinterpret pc=0x0000022a4d9f15c0 method=com.sun.org.apache.xerces.internal.util.SymbolTable.addSymbol([CII)Ljava/lang/String; @ 64 c2
Event: 0.490 Thread 0x0000022a3e396740 DEOPT PACKING pc=0x0000022a4d9f15c0 sp=0x000000bdef7fe350
Event: 0.490 Thread 0x0000022a3e396740 DEOPT UNPACKING pc=0x0000022a4d4369a3 sp=0x000000bdef7fe2e8 mode 2
Event: 0.521 Thread 0x0000022aa74faba0 Uncommon trap: trap_request=0xffffff45 fr.pc=0x0000022a4d9f6a08 relative=0x0000000000000ce8
Event: 0.521 Thread 0x0000022aa74faba0 Uncommon trap: reason=unstable_if action=reinterpret pc=0x0000022a4d9f6a08 method=java.util.concurrent.ConcurrentHashMap.putVal(Ljava/lang/Object;Ljava/lang/Object;Z)Ljava/lang/Object; @ 97 c2
Event: 0.521 Thread 0x0000022aa74faba0 DEOPT PACKING pc=0x0000022a4d9f6a08 sp=0x000000bdf12fe6a0
Event: 0.521 Thread 0x0000022aa74faba0 DEOPT UNPACKING pc=0x0000022a4d4369a3 sp=0x000000bdf12fe628 mode 2

Classes unloaded (0 events):
No events

Classes redefined (0 events):
No events

Internal exceptions (20 events):
Event: 0.486 Thread 0x0000022a3e396740 Exception <a 'sun/nio/fs/WindowsException'{0x00000007111efac8}> (0x00000007111efac8) 
thrown [s\src\hotspot\share\prims\jni.cpp, line 516]
Event: 0.486 Thread 0x0000022a3e396740 Exception <a 'sun/nio/fs/WindowsException'{0x00000007111f0030}> (0x00000007111f0030) 
thrown [s\src\hotspot\share\prims\jni.cpp, line 516]
Event: 0.486 Thread 0x0000022a3e396740 Exception <a 'sun/nio/fs/WindowsException'{0x00000007111f07a8}> (0x00000007111f07a8) 
thrown [s\src\hotspot\share\prims\jni.cpp, line 516]
Event: 0.486 Thread 0x0000022a3e396740 Exception <a 'sun/nio/fs/WindowsException'{0x00000007111f1398}> (0x00000007111f1398) 
thrown [s\src\hotspot\share\prims\jni.cpp, line 516]
Event: 0.486 Thread 0x0000022a3e396740 Exception <a 'sun/nio/fs/WindowsException'{0x00000007111f1718}> (0x00000007111f1718) 
thrown [s\src\hotspot\share\prims\jni.cpp, line 516]
Event: 0.486 Thread 0x0000022a3e396740 Exception <a 'sun/nio/fs/WindowsException'{0x00000007111f1f70}> (0x00000007111f1f70) 
thrown [s\src\hotspot\share\prims\jni.cpp, line 516]
Event: 0.486 Thread 0x0000022a3e396740 Exception <a 'sun/nio/fs/WindowsException'{0x00000007111f2688}> (0x00000007111f2688) 
thrown [s\src\hotspot\share\prims\jni.cpp, line 516]
Event: 0.486 Thread 0x0000022a3e396740 Exception <a 'sun/nio/fs/WindowsException'{0x00000007111f2bd0}> (0x00000007111f2bd0) 
thrown [s\src\hotspot\share\prims\jni.cpp, line 516]
Event: 0.486 Thread 0x0000022a3e396740 Exception <a 'sun/nio/fs/WindowsException'{0x00000007111f3310}> (0x00000007111f3310) 
thrown [s\src\hotspot\share\prims\jni.cpp, line 516]
Event: 0.486 Thread 0x0000022a3e396740 Exception <a 'sun/nio/fs/WindowsException'{0x00000007111f3c98}> (0x00000007111f3c98) 
thrown [s\src\hotspot\share\prims\jni.cpp, line 516]
Event: 0.486 Thread 0x0000022a3e396740 Exception <a 'sun/nio/fs/WindowsException'{0x00000007111f4008}> (0x00000007111f4008) 
thrown [s\src\hotspot\share\prims\jni.cpp, line 516]
Event: 0.486 Thread 0x0000022a3e396740 Exception <a 'sun/nio/fs/WindowsException'{0x00000007111f49e0}> (0x00000007111f49e0) 
thrown [s\src\hotspot\share\prims\jni.cpp, line 516]
Event: 0.486 Thread 0x0000022a3e396740 Exception <a 'sun/nio/fs/WindowsException'{0x00000007111f4d70}> (0x00000007111f4d70) 
thrown [s\src\hotspot\share\prims\jni.cpp, line 516]
Event: 0.486 Thread 0x0000022a3e396740 Exception <a 'sun/nio/fs/WindowsException'{0x00000007111f5d28}> (0x00000007111f5d28) 
thrown [s\src\hotspot\share\prims\jni.cpp, line 516]
Event: 0.486 Thread 0x0000022a3e396740 Exception <a 'sun/nio/fs/WindowsException'{0x00000007111f60b8}> (0x00000007111f60b8) 
thrown [s\src\hotspot\share\prims\jni.cpp, line 516]
Event: 0.500 Thread 0x0000022a3e396740 Exception <a 'java/lang/NoSuchMethodError'{0x0000000710e8f730}: 'java.lang.Object java.lang.invoke.DirectMethodHandle$Holder.newInvokeSpecial(java.lang.Object, double)'> (0x0000000710e8f730) 
thrown [s\src\hotspot\share\interpreter\linkResolver.cpp, line 759]
Event: 0.517 Thread 0x0000022a3e396740 Exception <a 'sun/nio/fs/WindowsException'{0x0000000710f93500}> (0x0000000710f93500) 
thrown [s\src\hotspot\share\prims\jni.cpp, line 516]
Event: 0.517 Thread 0x0000022a3e396740 Exception <a 'java/lang/NoSuchMethodError'{0x0000000710f940e8}: 'int java.lang.invoke.DirectMethodHandle$Holder.invokeInterface(java.lang.Object, java.lang.Object)'> (0x0000000710f940e8) 
thrown [s\src\hotspot\share\interpreter\linkResolver.cpp, line 759]
Event: 0.518 Thread 0x0000022a3e396740 Exception <a 'java/lang/NoSuchMethodError'{0x0000000710f9e4b0}: 'void java.lang.invoke.DirectMethodHandle$Holder.invokeStatic(java.lang.Object, int, java.lang.Object)'> (0x0000000710f9e4b0) 
thrown [s\src\hotspot\share\interpreter\linkResolver.cpp, line 759]
Event: 0.520 Thread 0x0000022a3e396740 Exception <a 'java/lang/NoSuchMethodError'{0x0000000710fb0028}: 'java.lang.Object java.lang.invoke.DirectMethodHandle$Holder.newInvokeSpecial(java.lang.Object, java.lang.Object, java.lang.Object, java.lang.Object, java.lang.Object, java.lang.Object)'> (0x0000000710fb0028) 
thrown [s\src\hotspot\share\interpreter\linkResolver.cpp, line 759]

VM Operations (16 events):
Event: 0.037 Executing VM operation: HandshakeAllThreads
Event: 0.037 Executing VM operation: HandshakeAllThreads done
Event: 0.202 Executing VM operation: HandshakeAllThreads
Event: 0.202 Executing VM operation: HandshakeAllThreads done
Event: 0.205 Executing VM operation: HandshakeAllThreads
Event: 0.205 Executing VM operation: HandshakeAllThreads done
Event: 0.226 Executing VM operation: HandshakeAllThreads
Event: 0.226 Executing VM operation: HandshakeAllThreads done
Event: 0.305 Executing VM operation: ICBufferFull
Event: 0.305 Executing VM operation: ICBufferFull done
Event: 0.349 Executing VM operation: G1CollectForAllocation
Event: 0.352 Executing VM operation: G1CollectForAllocation done
Event: 0.453 Executing VM operation: HandshakeAllThreads
Event: 0.453 Executing VM operation: HandshakeAllThreads done
Event: 0.499 Executing VM operation: HandshakeAllThreads
Event: 0.499 Executing VM operation: HandshakeAllThreads done

Events (20 events):
Event: 0.524 Thread 0x0000022aa78b75d0 Thread exited: 0x0000022aa78b75d0
Event: 0.524 Thread 0x0000022aa74f9c70 Thread exited: 0x0000022aa74f9c70
Event: 0.524 Thread 0x0000022aa74faba0 Thread exited: 0x0000022aa74faba0
Event: 0.524 Thread 0x0000022aa74fb0b0 Thread exited: 0x0000022aa74fb0b0
Event: 0.524 Thread 0x0000022aa74fb5c0 Thread exited: 0x0000022aa74fb5c0
Event: 0.524 Thread 0x0000022aa74fa690 Thread exited: 0x0000022aa74fa690
Event: 0.524 Thread 0x0000022aa74fbad0 Thread exited: 0x0000022aa74fbad0
Event: 0.524 Thread 0x0000022aa74f9760 Thread exited: 0x0000022aa74f9760
Event: 0.524 Thread 0x0000022aa7586740 Thread exited: 0x0000022aa7586740
Event: 0.524 Thread 0x0000022aa78ba870 Thread exited: 0x0000022aa78ba870
Event: 0.524 Thread 0x0000022aa78bdb10 Thread exited: 0x0000022aa78bdb10
Event: 0.524 Thread 0x0000022aa74fbfe0 Thread exited: 0x0000022aa74fbfe0
Event: 0.526 Thread 0x0000022aa78bc1c0 Thread exited: 0x0000022aa78bc1c0
Event: 0.526 Thread 0x0000022aa78b7ae0 Thread exited: 0x0000022aa78b7ae0
Event: 0.526 Thread 0x0000022aa74fa180 Thread exited: 0x0000022aa74fa180
Event: 0.526 Thread 0x0000022aa78b9940 Thread exited: 0x0000022aa78b9940
Event: 0.526 Thread 0x0000022aa74f8d40 Thread exited: 0x0000022aa74f8d40
Event: 0.526 Thread 0x0000022aa78b9e50 Thread exited: 0x0000022aa78b9e50
Event: 0.526 Thread 0x0000022aa74f9250 Thread exited: 0x0000022aa74f9250
Event: 0.526 Thread 0x0000022aa78bd600 Thread exited: 0x0000022aa78bd600


Dynamic libraries:
0x00007ff7caf50000 - 0x00007ff7caf5e000 	D:\Unity Hub\6000.0.10f1\Editor\Data\PlaybackEngines\AndroidPlayer\OpenJDK\bin\java.exe
0x00007fffcfad0000 - 0x00007fffcfcc8000 	C:\WINDOWS\SYSTEM32\ntdll.dll
0x00007fffce0d0000 - 0x00007fffce18d000 	C:\WINDOWS\System32\KERNEL32.DLL
0x00007fffcd180000 - 0x00007fffcd476000 	C:\WINDOWS\System32\KERNELBASE.dll
0x00007fffcd6a0000 - 0x00007fffcd7a0000 	C:\WINDOWS\System32\ucrtbase.dll
0x00007fffb2140000 - 0x00007fffb2157000 	D:\Unity Hub\6000.0.10f1\Editor\Data\PlaybackEngines\AndroidPlayer\OpenJDK\bin\jli.dll
0x00007fff404f0000 - 0x00007fff4050b000 	D:\Unity Hub\6000.0.10f1\Editor\Data\PlaybackEngines\AndroidPlayer\OpenJDK\bin\VCRUNTIME140.dll
0x00007fffcf4c0000 - 0x00007fffcf65f000 	C:\WINDOWS\System32\USER32.dll
0x00007fffb5840000 - 0x00007fffb5ada000 	C:\WINDOWS\WinSxS\amd64_microsoft.windows.common-controls_6595b64144ccf1df_6.0.19041.4355_none_60b8b9eb71f62e16\COMCTL32.dll
0x00007fffcd480000 - 0x00007fffcd4a2000 	C:\WINDOWS\System32\win32u.dll
0x00007fffcf420000 - 0x00007fffcf4be000 	C:\WINDOWS\System32\msvcrt.dll
0x00007fffce3c0000 - 0x00007fffce3eb000 	C:\WINDOWS\System32\GDI32.dll
0x00007fffcd860000 - 0x00007fffcd977000 	C:\WINDOWS\System32\gdi32full.dll
0x00007fffcda60000 - 0x00007fffcdafd000 	C:\WINDOWS\System32\msvcp_win.dll
0x00007fffcdfe0000 - 0x00007fffce012000 	C:\WINDOWS\System32\IMM32.DLL
0x00007fffc8d40000 - 0x00007fffc8d4c000 	D:\Unity Hub\6000.0.10f1\Editor\Data\PlaybackEngines\AndroidPlayer\OpenJDK\bin\vcruntime140_1.dll
0x00007fff40460000 - 0x00007fff404ed000 	D:\Unity Hub\6000.0.10f1\Editor\Data\PlaybackEngines\AndroidPlayer\OpenJDK\bin\msvcp140.dll
0x00007ffeb6f60000 - 0x00007ffeb7bc1000 	D:\Unity Hub\6000.0.10f1\Editor\Data\PlaybackEngines\AndroidPlayer\OpenJDK\bin\server\jvm.dll
0x00007fffce020000 - 0x00007fffce0d0000 	C:\WINDOWS\System32\ADVAPI32.dll
0x00007fffcee70000 - 0x00007fffcef10000 	C:\WINDOWS\System32\sechost.dll
0x00007fffce290000 - 0x00007fffce3b3000 	C:\WINDOWS\System32\RPCRT4.dll
0x00007fffcd980000 - 0x00007fffcd9a7000 	C:\WINDOWS\System32\bcrypt.dll
0x00007fffccf20000 - 0x00007fffccf6b000 	C:\WINDOWS\SYSTEM32\POWRPROF.dll
0x00007fffad4a0000 - 0x00007fffad4a9000 	C:\WINDOWS\SYSTEM32\WSOCK32.dll
0x00007fffc1560000 - 0x00007fffc1587000 	C:\WINDOWS\SYSTEM32\WINMM.dll
0x00007fffc6740000 - 0x00007fffc674a000 	C:\WINDOWS\SYSTEM32\VERSION.dll
0x00007fffced50000 - 0x00007fffcedbb000 	C:\WINDOWS\System32\WS2_32.dll
0x00007fffccf00000 - 0x00007fffccf12000 	C:\WINDOWS\SYSTEM32\UMPDC.dll
0x00007fffcafe0000 - 0x00007fffcaff2000 	C:\WINDOWS\SYSTEM32\kernel.appcore.dll
0x00007fffb2420000 - 0x00007fffb242a000 	D:\Unity Hub\6000.0.10f1\Editor\Data\PlaybackEngines\AndroidPlayer\OpenJDK\bin\jimage.dll
0x00007fffc0a80000 - 0x00007fffc0c64000 	C:\WINDOWS\SYSTEM32\DBGHELP.DLL
0x00007fffb0b00000 - 0x00007fffb0b34000 	C:\WINDOWS\SYSTEM32\dbgcore.DLL
0x00007fffcd610000 - 0x00007fffcd692000 	C:\WINDOWS\System32\bcryptPrimitives.dll
0x00007fff40430000 - 0x00007fff40455000 	D:\Unity Hub\6000.0.10f1\Editor\Data\PlaybackEngines\AndroidPlayer\OpenJDK\bin\java.dll
0x00007fff09ec0000 - 0x00007fff09f97000 	D:\Unity Hub\6000.0.10f1\Editor\Data\PlaybackEngines\AndroidPlayer\OpenJDK\bin\jsvml.dll
0x00007fffce580000 - 0x00007fffceceb000 	C:\WINDOWS\System32\SHELL32.dll
0x00007fffcb1e0000 - 0x00007fffcb97d000 	C:\WINDOWS\SYSTEM32\windows.storage.dll
0x00007fffcf710000 - 0x00007fffcfa63000 	C:\WINDOWS\System32\combase.dll
0x00007fffcc9f0000 - 0x00007fffcca1e000 	C:\WINDOWS\SYSTEM32\Wldp.dll
0x00007fffcefa0000 - 0x00007fffcf06d000 	C:\WINDOWS\System32\OLEAUT32.dll
0x00007fffcf660000 - 0x00007fffcf70d000 	C:\WINDOWS\System32\SHCORE.dll
0x00007fffcecf0000 - 0x00007fffced45000 	C:\WINDOWS\System32\shlwapi.dll
0x00007fffcd0b0000 - 0x00007fffcd0d4000 	C:\WINDOWS\SYSTEM32\profapi.dll
0x00007fff40410000 - 0x00007fff40429000 	D:\Unity Hub\6000.0.10f1\Editor\Data\PlaybackEngines\AndroidPlayer\OpenJDK\bin\net.dll
0x00007fffc7c50000 - 0x00007fffc7d5a000 	C:\WINDOWS\SYSTEM32\WINHTTP.dll
0x00007fffcc7d0000 - 0x00007fffcc83a000 	C:\WINDOWS\system32\mswsock.dll
0x00007fff403f0000 - 0x00007fff40406000 	D:\Unity Hub\6000.0.10f1\Editor\Data\PlaybackEngines\AndroidPlayer\OpenJDK\bin\nio.dll
0x00007fff403d0000 - 0x00007fff403e8000 	D:\Unity Hub\6000.0.10f1\Editor\Data\PlaybackEngines\AndroidPlayer\OpenJDK\bin\zip.dll

dbghelp: loaded successfully - version: 4.0.5 - missing functions: none
symbol engine: initialized successfully - sym options: 0x614 - pdb path: .;D:\Unity Hub\6000.0.10f1\Editor\Data\PlaybackEngines\AndroidPlayer\OpenJDK\bin;C:\WINDOWS\SYSTEM32;C:\WINDOWS\WinSxS\amd64_microsoft.windows.common-controls_6595b64144ccf1df_6.0.19041.4355_none_60b8b9eb71f62e16;D:\Unity Hub\6000.0.10f1\Editor\Data\PlaybackEngines\AndroidPlayer\OpenJDK\bin\server

VM Arguments:
jvm_args: -Dcom.android.sdklib.toolsdir=D:\Unity Hub\6000.0.10f1\Editor\Data\PlaybackEngines\AndroidPlayer\SDK\cmdline-tools\6.0\bin\\.. 
java_command: com.android.sdklib.tool.sdkmanager.SdkManagerCli --list
java_class_path (initial): D:\Unity Hub\6000.0.10f1\Editor\Data\PlaybackEngines\AndroidPlayer\SDK\cmdline-tools\6.0\bin\..\lib\sdkmanager-classpath.jar
Launcher Type: SUN_STANDARD

[Global flags]
     intx CICompilerCount                          = 4                                         {product} {ergonomic}
     uint ConcGCThreads                            = 3                                         {product} {ergonomic}
     uint G1ConcRefinementThreads                  = 10                                        {product} {ergonomic}
   size_t G1HeapRegionSize                         = 2097152                                   {product} {ergonomic}
    uintx GCDrainStackTargetSize                   = 64                                        {product} {ergonomic}
   size_t InitialHeapSize                          = 268435456                                 {product} {ergonomic}
   size_t MarkStackSize                            = 4194304                                   {product} {ergonomic}
   size_t MaxHeapSize                              = 4271898624                                {product} {ergonomic}
   size_t MaxNewSize                               = 2562719744                                {product} {ergonomic}
   size_t MinHeapDeltaBytes                        = 2097152                                   {product} {ergonomic}
   size_t MinHeapSize                              = 8388608                                   {product} {ergonomic}
    uintx NonNMethodCodeHeapSize                   = 5839372                                {pd product} {ergonomic}
    uintx NonProfiledCodeHeapSize                  = 122909434                              {pd product} {ergonomic}
    uintx ProfiledCodeHeapSize                     = 122909434                              {pd product} {ergonomic}
    uintx ReservedCodeCacheSize                    = 251658240                              {pd product} {ergonomic}
     bool SegmentedCodeCache                       = true                                      {product} {ergonomic}
   size_t SoftMaxHeapSize                          = 4271898624                             {manageable} {ergonomic}
     bool UseCompressedClassPointers               = true                           {product lp64_product} {ergonomic}
     bool UseCompressedOops                        = true                           {product lp64_product} {ergonomic}
     bool UseG1GC                                  = true                                      {product} {ergonomic}
     bool UseLargePagesIndividualAllocation        = false                                  {pd product} {ergonomic}

Logging:
Log output configuration:
 #0: stdout all=warning uptime,level,tags
 #1: stderr all=off uptime,level,tags

Environment Variables:
JAVA_HOME=D:\Unity Hub\6000.0.10f1\Editor\Data\PlaybackEngines\AndroidPlayer\OpenJDK
CLASSPATH=D:\Unity Hub\6000.0.10f1\Editor\Data\PlaybackEngines\AndroidPlayer\SDK\cmdline-tools\6.0\bin\..\lib\sdkmanager-classpath.jar
PATH=C:\Program Files\OpenLogic\jdk-8.0.432.06-hotspot\bin;C:\Program Files (x86)\Microsoft SDKs\Azure\CLI2\wbin;C:\Program Files (x86)\Razer Chroma SDK\bin;C:\Program Files\Razer Chroma SDK\bin;C:\Program Files (x86)\Razer\ChromaBroadcast\bin;C:\Program Files\Razer\ChromaBroadcast\bin;C:\Program Files\Common Files\Oracle\Java\javapath;C:\Program Files (x86)\Common Files\Oracle\Java\javapath;C:\Android_stuff\cmdline-tools;C:\WINDOWS\System32\Wbem;C:\WINDOWS\System32\WindowsPowerShell\v1.0\;C:\WINDOWS\System32\OpenSSH\;C:\Program Files (x86)\NVIDIA Corporation\PhysX\Common;C:\Program Files\dotnet\;C:\Program Files\Git\cmd;S:\nvm;S:\nodejs;C:\Users\pcReyes\AppData\Local\Programs\Eclipse Adoptium\jdk-17.0.2.8-hotspot\\bin;C:\Program Files\Java Build Tools\apache-maven-3.8.4\bin;C:\WINDOWS\system32\cmd.exe;C:\Program Files\Microsoft SQL Server\150\Tools\Binn\;C:\WINDOWS\system32\config\systemprofile\AppData\Local\Microsoft\WindowsApps;C:\Users\pcReyes\AppData\Local\Programs\Eclipse Adoptium\jdk-17.0.2.8-hotspot\bin;C:\Users\pcReyes\AppData\Local\Microsoft\WindowsApps;C:\Users\pcReyes\AppData\Local\Programs\Microsoft VS Code\bin;C:\Users\pcReyes\.dotnet\tools;C:\Program Files\Calibre2\;C:\Program Files\Java Build Tools\gradle-7.4.2\bin;C:\Program Files\Java Build Tools\apache-maven-3.8.4\bin;S:\SQL\PostgresSQL\14\bin;S:\SQL\PostgresSQL\14\pgAdmin 4\bin;C:\Program Files\Neovim\bin;C:\Program Files\CMake\bin;C:\Program Files\GetGnuWin32\bin\;C:\Program Files\LLVM\bin\;C:\Python310;C:\ProgramData\chocolatey\bin;S:\Android\Android Studio\bin;C:\Users\pcReyes\AppData\Roaming\Spotify;C:\Users\pcReyes\AppData\Local\Programs\Joplin;C:\Program Files\Mozilla Firefox;C:\Program Files (x86)\GnuWin32\bin;C:\Program Files\NVIDIA Corporation\NVIDIA NvDLISR;D:\Docker\resources\bin;C:\Windows\System32\wsl.exe;C:\Program Files\Microsoft SQL Server\Client SDK\ODBC\170\Tools\Binn\;C:\Program Files\Microsoft SQL Server\Client SDK\ODBC\130\Tools\Binn\;C:\Program Files (x86)\Microsoft SQL Server\
USERNAME=pcReyes
OS=Windows_NT
PROCESSOR_IDENTIFIER=AMD64 Family 23 Model 113 Stepping 0, AuthenticAMD
TMP=C:\Users\pcReyes\AppData\Local\Temp
TEMP=C:\Users\pcReyes\AppData\Local\Temp



Periodic native trim disabled


---------------  S Y S T E M  ---------------

OS:
 Windows 10 , 64 bit Build 19041 (10.0.19041.3636)
OS uptime: 0 days 2:19 hours
Hyper-V role detected

CPU: total 12 (initial active 12) (12 cores per cpu, 2 threads per core) family 23 model 113 stepping 0 microcode 0x0, cx8, cmov, fxsr, ht, mmx, 3dnowpref, sse, sse2, sse3, ssse3, sse4a, sse4.1, sse4.2, popcnt, lzcnt, tsc, tscinvbit, avx, avx2, aes, clmul, bmi1, bmi2, adx, sha, fma, vzeroupper, clflush, clflushopt, hv
Processor Information for all 12 processors :
  Max Mhz: 3600, Current Mhz: 3600, Mhz Limit: 3600

Memory: 4k page, system-wide physical 16295M (1484M free)
TotalPageFile size 24487M (AvailPageFile size 5M)
current process WorkingSet (physical memory assigned to process): 91M, peak: 91M
current process commit charge ("private bytes"): 375M, peak: 375M

vm_info: OpenJDK 64-Bit Server VM (17.0.9+9) for windows-amd64 JRE (17.0.9+9), built on Oct 26 2023 14:01:42 by "admin" with MS VC++ 16.10 / 16.11 (VS2019)

END.
